

{"message":"Reading input file...","level":"info"}
{"message":"Input file has been successfully loaded","level":"info"}
{"message":"Writing to ouput file...","level":"info"}
{"message":"Output file has been successfully written","level":"info"}
{"message":"Reading input file...","level":"info"}
{"message":"Input file has been successfully loaded","level":"info"}
{"message":"Writing to ouput file...","level":"info"}
{"message":"Output file has been successfully written","level":"info"}
{"message":"Reading input file...","level":"info"}
{"message":"Input file has been successfully loaded","level":"info"}
{"message":"Writing to ouput file...","level":"info"}
{"message":"Output file has been successfully written","level":"info"}
{"message":"Reading input file...","level":"info"}
{"message":"Input file has been successfully loaded","level":"info"}
{"message":"Writing to ouput file...","level":"info"}
{"message":"Output file has been successfully written","level":"info"}
{"message":"Reading input file...","level":"info"}
{"message":"Input file has been successfully loaded","level":"info"}
{"message":"Writing to ouput file...","level":"info"}
{"message":"Output file has been successfully written","level":"info"}
{"message":"Reading input file...","level":"info"}
{"message":"Input file has been successfully loaded","level":"info"}
{"message":"Writing to ouput file...","level":"info"}
{"message":"Output file has been successfully written","level":"info"}
{"message":"Input file has been successfully loaded","level":"info"}
{"message":"Writing to ouput file...","level":"info"}
{"message":"Output file has been successfully written","level":"info"}
{"message":"Reading input file...","level":"info"}
{"message":"Input file has been successfully loaded","level":"info"}
{"message":"Writing to ouput file...","level":"info"}
{"message":"Output file has been successfully written","level":"info"}
{"message":"Reading input file...","level":"info"}
{"message":"Input file has been successfully loaded","level":"info"}
{"message":"Writing to ouput file...","level":"info"}
{"message":"Output file has been successfully written","level":"info"}
{"message":"Reading input file...","level":"info"}
{"message":"Input file has been successfully loaded","level":"info"}
{"message":"Writing to ouput file...","level":"info"}
{"message":"Output file has been successfully written","level":"info"}
{"message":"Input file .txt extension missing or incorrect format!","level":"error"}
{"message":"Input file .txt extension missing or incorrect format!","level":"error"}
{"message":"Mean Calc Test - Expected: 20 Actual: 20","level":"info"}
{"message":"Std Deviation Calc Test - Expected: 1.92 Actual: 1.920286436967152","level":"info"}
{"message":"Reading input file...","level":"info"}
{"message":"Input file has been successfully loaded","level":"info"}
{"message":"Writing to ouput file...","level":"info"}

{"message":"Reading input file...","level":"info"}
{"message":"Input file has been successfully loaded","level":"info"}
{"message":"Writing to ouput file...","level":"info"}
{"message":"Output file has been successfully written","level":"info"}
{"message":"Reading input file...","level":"info"}
{"message":"Input file has been successfully loaded","level":"info"}
{"message":"Parsing input file...","level":"info"}
{"message":"Calculating thermometer data...","level":"info"}
{"message":"Calculating humidity data...","level":"info"}
{"message":"Reading input file...","level":"info"}
{"message":"Input file has been successfully loaded","level":"info"}
{"message":"Parsing input file...","level":"info"}
{"message":"Calculating thermometer data...","level":"info"}
{"message":"Calculating humidity data...","level":"info"}
{"message":"Reading input file...","level":"info"}
{"message":"Input file has been successfully loaded","level":"info"}
{"message":"Parsing input file...","level":"info"}
{"message":"Calculating thermometer data...","level":"info"}
{"message":"Calculating humidity data...","level":"info"}
{"message":"Reading input file...","level":"info"}
{"message":"Input file has been successfully loaded","level":"info"}
{"message":"Parsing input file...","level":"info"}
{"message":"Calculating thermometer data...","level":"info"}
{"message":"Calculating humidity data...","level":"info"}
{"message":"Reading input file...","level":"info"}
{"message":"Input file has been successfully loaded","level":"info"}
{"message":"Parsing input file...","level":"info"}
{"message":"Calculating thermometer data...","level":"info"}
{"message":"Calculating humidity data...","level":"info"}
{"message":"Reading input file...","level":"info"}
{"message":"Input file has been successfully loaded","level":"info"}
{"message":"Parsing input file...","level":"info"}
{"message":"Calculating thermometer data...","level":"info"}
{"message":"Calculating humidity data...","level":"info"}
{"message":"Writing to ouput file...","level":"info"}
{"message":"Output file has been successfully written","level":"info"}
{"message":"Reading input file...","level":"info"}
{"message":"Input file has been successfully loaded","level":"info"}
{"message":"Writing to ouput file...","level":"info"}
{"message":"Output file has been successfully written","level":"info"}
{"message":"Reading input file...","level":"info"}
{"message":"Input file has been successfully loaded","level":"info"}
{"message":"Parsing input file...","level":"info"}
{"message":"Calculating thermometer data...","level":"info"}
{"message":"Calculating humidity data...","level":"info"}
{"message":"Reading input file...","level":"info"}
{"message":"Input file has been successfully loaded","level":"info"}
{"message":"Parsing input file...","level":"info"}
{"message":"Calculating thermometer data...","level":"info"}
{"message":"Calculating humidity data...","level":"info"}
{"message":"Writing to ouput file...","level":"info"}
{"message":"Output file has been successfully written","level":"info"}
{"message":"Reading input file...","level":"info"}
{"message":"Input file has been successfully loaded","level":"info"}
{"message":"Writing to ouput file...","level":"info"}
{"message":"Output file has been successfully written","level":"info"}
{"message":"Reading input file...","level":"info"}
{"message":"Input file has been successfully loaded","level":"info"}
{"message":"Parsing input file...","level":"info"}
{"message":"Calculating thermometer data...","level":"info"}
{"message":"Calculating humidity data...","level":"info"}
{"message":"Reading input file...","level":"info"}
{"message":"Input file has been successfully loaded","level":"info"}
{"message":"Parsing input file...","level":"info"}
{"message":"Calculating thermometer data...","level":"info"}
{"message":"Calculating humidity data...","level":"info"}
{"message":"Writing to ouput file...","level":"info"}
{"message":"Output file has been successfully written","level":"info"}
{"message":"Reading input file...","level":"info"}
{"message":"Input file has been successfully loaded","level":"info"}
{"message":"Writing to ouput file...","level":"info"}
{"message":"Output file has been successfully written","level":"info"}
{"message":"Reading input file...","level":"info"}
{"message":"Input file has been successfully loaded","level":"info"}
{"message":"Parsing input file...","level":"info"}
{"message":"Calculating thermometer data...","level":"info"}
{"message":"Calculating humidity data...","level":"info"}
{"message":"Reading input file...","level":"info"}
{"message":"Input file has been successfully loaded","level":"info"}
{"message":"Parsing input file...","level":"info"}
{"message":"Calculating thermometer data...","level":"info"}
{"message":"Calculating humidity data...","level":"info"}
{"message":"Writing to ouput file...","level":"info"}
{"message":"Output file has been successfully written","level":"info"}
